1678025727850	geckodriver	INFO	Listening on 127.0.0.1:53579
1678025730901	mozrunner::runner	INFO	Running command: "C:\\Program Files\\Mozilla Firefox\\firefox.exe" "--marionette" "--remote-debugging-port" "53580" "--remote-allow-hosts" "localhost" "-no-remote" "-profile" "C:\\Users\\Chandu\\AppData\\Local\\Temp\\rust_mozprofileE3lwFa"
console.warn: services.settings: Ignoring preference override of remote settings server
console.warn: services.settings: Allow by setting MOZ_REMOTE_SETTINGS_DEVTOOLS=1 in the environment
1678025731362	Marionette	INFO	Marionette enabled
Dynamically enable window occlusion 0
1678025731369	Marionette	INFO	Listening on port 53591
Read port: 53591
WebDriver BiDi listening on ws://127.0.0.1:53580
1678025731558	RemoteAgent	WARN	TLS certificate errors will be ignored for this session
console.warn: SearchSettings: "get: No settings file exists, new profile?" (new NotFoundError("Could not open the file at C:\\Users\\Chandu\\AppData\\Local\\Temp\\rust_mozprofileE3lwFa\\search.json.mozlz4", (void 0)))
DevTools listening on ws://127.0.0.1:53580/devtools/browser/0ec79ea4-3f84-417f-9b6e-db51748e6599
JavaScript error: https://media.ethicalads.io/media/client/v1.4.0/ethicalads.min.js, line 1: Error: No ad placements found.
JavaScript error: resource:///actors/FormValidationChild.sys.mjs, line 178: TypeError: this._element is null
1678025780890	Marionette	INFO	Stopped listening on port 53591
Dynamically enable window occlusion 1
1678026246851	geckodriver	INFO	Listening on 127.0.0.1:54537
1678026249911	mozrunner::runner	INFO	Running command: "C:\\Program Files\\Mozilla Firefox\\firefox.exe" "--marionette" "--remote-debugging-port" "54538" "--remote-allow-hosts" "localhost" "-no-remote" "-profile" "C:\\Users\\Chandu\\AppData\\Local\\Temp\\rust_mozprofileDe8r7A"
console.warn: services.settings: Ignoring preference override of remote settings server
console.warn: services.settings: Allow by setting MOZ_REMOTE_SETTINGS_DEVTOOLS=1 in the environment
1678026250350	Marionette	INFO	Marionette enabled
Dynamically enable window occlusion 0
1678026250357	Marionette	INFO	Listening on port 54550
Read port: 54550
WebDriver BiDi listening on ws://127.0.0.1:54538
1678026250521	RemoteAgent	WARN	TLS certificate errors will be ignored for this session
console.warn: SearchSettings: "get: No settings file exists, new profile?" (new NotFoundError("Could not open the file at C:\\Users\\Chandu\\AppData\\Local\\Temp\\rust_mozprofileDe8r7A\\search.json.mozlz4", (void 0)))
DevTools listening on ws://127.0.0.1:54538/devtools/browser/74d23ce9-7b9e-46f0-920f-a7c269d138ce
JavaScript error: https://media.ethicalads.io/media/client/v1.4.0/ethicalads.min.js, line 1: Error: No ad placements found.
JavaScript error: resource:///actors/FormValidationChild.sys.mjs, line 178: TypeError: this._element is null
1678026278023	Marionette	INFO	Stopped listening on port 54550
Dynamically enable window occlusion 1
1678026700261	geckodriver	INFO	Listening on 127.0.0.1:55217
1678026703313	mozrunner::runner	INFO	Running command: "C:\\Program Files\\Mozilla Firefox\\firefox.exe" "--marionette" "--remote-debugging-port" "55218" "--remote-allow-hosts" "localhost" "-no-remote" "-profile" "C:\\Users\\Chandu\\AppData\\Local\\Temp\\rust_mozprofile00ljwh"
console.warn: services.settings: Ignoring preference override of remote settings server
console.warn: services.settings: Allow by setting MOZ_REMOTE_SETTINGS_DEVTOOLS=1 in the environment
1678026703651	Marionette	INFO	Marionette enabled
Dynamically enable window occlusion 0
1678026703656	Marionette	INFO	Listening on port 55230
Read port: 55230
WebDriver BiDi listening on ws://127.0.0.1:55218
1678026703814	RemoteAgent	WARN	TLS certificate errors will be ignored for this session
console.warn: SearchSettings: "get: No settings file exists, new profile?" (new NotFoundError("Could not open the file at C:\\Users\\Chandu\\AppData\\Local\\Temp\\rust_mozprofile00ljwh\\search.json.mozlz4", (void 0)))
DevTools listening on ws://127.0.0.1:55218/devtools/browser/b5552bd6-53e1-4aed-8097-89f16d555e55
JavaScript error: https://media.ethicalads.io/media/client/v1.4.0/ethicalads.min.js, line 1: Error: No ad placements found.
JavaScript error: resource:///actors/FormValidationChild.sys.mjs, line 178: TypeError: this._element is null
1678026717356	Marionette	INFO	Stopped listening on port 55230
Dynamically enable window occlusion 1
1678026880038	geckodriver	INFO	Listening on 127.0.0.1:55526
1678026883094	mozrunner::runner	INFO	Running command: "C:\\Program Files\\Mozilla Firefox\\firefox.exe" "--marionette" "--remote-debugging-port" "55527" "--remote-allow-hosts" "localhost" "-no-remote" "-profile" "C:\\Users\\Chandu\\AppData\\Local\\Temp\\rust_mozprofileC6qSOF"
console.warn: services.settings: Ignoring preference override of remote settings server
console.warn: services.settings: Allow by setting MOZ_REMOTE_SETTINGS_DEVTOOLS=1 in the environment
1678026883459	Marionette	INFO	Marionette enabled
Dynamically enable window occlusion 0
1678026883465	Marionette	INFO	Listening on port 55539
Read port: 55539
WebDriver BiDi listening on ws://127.0.0.1:55527
1678026883613	RemoteAgent	WARN	TLS certificate errors will be ignored for this session
console.warn: SearchSettings: "get: No settings file exists, new profile?" (new NotFoundError("Could not open the file at C:\\Users\\Chandu\\AppData\\Local\\Temp\\rust_mozprofileC6qSOF\\search.json.mozlz4", (void 0)))
DevTools listening on ws://127.0.0.1:55527/devtools/browser/860d4d4b-f776-417a-8e64-3ba2750d2b5a
JavaScript error: https://media.ethicalads.io/media/client/v1.4.0/ethicalads.min.js, line 1: Error: No ad placements found.
JavaScript error: resource:///actors/FormValidationChild.sys.mjs, line 178: TypeError: this._element is null
1678026886793	Marionette	INFO	Stopped listening on port 55539
Dynamically enable window occlusion 1
1678026933497	geckodriver	INFO	Listening on 127.0.0.1:55652
1678026936546	mozrunner::runner	INFO	Running command: "C:\\Program Files\\Mozilla Firefox\\firefox.exe" "--marionette" "--remote-debugging-port" "55653" "--remote-allow-hosts" "localhost" "-no-remote" "-profile" "C:\\Users\\Chandu\\AppData\\Local\\Temp\\rust_mozprofileAYcbdM"
console.warn: services.settings: Ignoring preference override of remote settings server
console.warn: services.settings: Allow by setting MOZ_REMOTE_SETTINGS_DEVTOOLS=1 in the environment
1678026936901	Marionette	INFO	Marionette enabled
Dynamically enable window occlusion 0
1678026936908	Marionette	INFO	Listening on port 55664
Read port: 55664
WebDriver BiDi listening on ws://127.0.0.1:55653
1678026937075	RemoteAgent	WARN	TLS certificate errors will be ignored for this session
console.warn: SearchSettings: "get: No settings file exists, new profile?" (new NotFoundError("Could not open the file at C:\\Users\\Chandu\\AppData\\Local\\Temp\\rust_mozprofileAYcbdM\\search.json.mozlz4", (void 0)))
DevTools listening on ws://127.0.0.1:55653/devtools/browser/f1be8a93-a356-42f4-83cd-5927c3f91213
JavaScript error: https://media.ethicalads.io/media/client/v1.4.0/ethicalads.min.js, line 1: Error: No ad placements found.
JavaScript error: resource:///actors/FormValidationChild.sys.mjs, line 178: TypeError: this._element is null
1678026940004	Marionette	INFO	Stopped listening on port 55664
Dynamically enable window occlusion 1
1678027160208	geckodriver	INFO	Listening on 127.0.0.1:56013
1678027163252	mozrunner::runner	INFO	Running command: "C:\\Program Files\\Mozilla Firefox\\firefox.exe" "--marionette" "--remote-debugging-port" "56014" "--remote-allow-hosts" "localhost" "-no-remote" "-profile" "C:\\Users\\Chandu\\AppData\\Local\\Temp\\rust_mozprofilevJuAvF"
console.warn: services.settings: Ignoring preference override of remote settings server
console.warn: services.settings: Allow by setting MOZ_REMOTE_SETTINGS_DEVTOOLS=1 in the environment
1678027163647	Marionette	INFO	Marionette enabled
Dynamically enable window occlusion 0
1678027163652	Marionette	INFO	Listening on port 56025
Read port: 56025
WebDriver BiDi listening on ws://127.0.0.1:56014
1678027163805	RemoteAgent	WARN	TLS certificate errors will be ignored for this session
console.warn: SearchSettings: "get: No settings file exists, new profile?" (new NotFoundError("Could not open the file at C:\\Users\\Chandu\\AppData\\Local\\Temp\\rust_mozprofilevJuAvF\\search.json.mozlz4", (void 0)))
DevTools listening on ws://127.0.0.1:56014/devtools/browser/0ef7e57c-0215-4ae8-89ab-5635c2a5b416
JavaScript error: https://media.ethicalads.io/media/client/v1.4.0/ethicalads.min.js, line 1: Error: No ad placements found.
JavaScript error: resource:///actors/FormValidationChild.sys.mjs, line 178: TypeError: this._element is null
1678027166978	Marionette	INFO	Stopped listening on port 56025
Dynamically enable window occlusion 1
